Flow report for riscv_single_cycle_processor
Sat Dec 02 04:03:51 2023
Quartus Prime Version 20.1.1 Build 720 11/11/2020 SJ Lite Edition


---------------------
; Table of Contents ;
---------------------
  1. Legal Notice
  2. Flow Summary
  3. Flow Settings
  4. Flow Non-Default Global Settings
  5. Flow Elapsed Time
  6. Flow OS Summary
  7. Flow Log
  8. Flow Messages
  9. Flow Suppressed Messages



----------------
; Legal Notice ;
----------------
Copyright (C) 2020  Intel Corporation. All rights reserved.
Your use of Intel Corporation's design tools, logic functions 
and other software and tools, and any partner logic 
functions, and any output files from any of the foregoing 
(including device programming or simulation files), and any 
associated documentation or information are expressly subject 
to the terms and conditions of the Intel Program License 
Subscription Agreement, the Intel Quartus Prime License Agreement,
the Intel FPGA IP License Agreement, or other applicable license
agreement, including, without limitation, that your use is for
the sole purpose of programming logic devices manufactured by
Intel and sold by Intel or its authorized distributors.  Please
refer to the applicable agreement for further details, at
https://fpgasoftware.intel.com/eula.



+----------------------------------------------------------------------------------+
; Flow Summary                                                                     ;
+------------------------------------+---------------------------------------------+
; Flow Status                        ; Successful - Sat Dec 02 04:03:51 2023       ;
; Quartus Prime Version              ; 20.1.1 Build 720 11/11/2020 SJ Lite Edition ;
; Revision Name                      ; riscv_single_cycle_processor                ;
; Top-level Entity Name              ; processor_fpga                              ;
; Family                             ; Cyclone IV E                                ;
; Device                             ; EP4CE115F29C7                               ;
; Timing Models                      ; Final                                       ;
; Total logic elements               ; 13,581 / 114,480 ( 12 % )                   ;
;     Total combinational functions  ; 13,451 / 114,480 ( 12 % )                   ;
;     Dedicated logic registers      ; 2,576 / 114,480 ( 2 % )                     ;
; Total registers                    ; 2576                                        ;
; Total pins                         ; 51 / 529 ( 10 % )                           ;
; Total virtual pins                 ; 0                                           ;
; Total memory bits                  ; 1,536 / 3,981,312 ( < 1 % )                 ;
; Embedded Multiplier 9-bit elements ; 6 / 532 ( 1 % )                             ;
; Total PLLs                         ; 0 / 4 ( 0 % )                               ;
+------------------------------------+---------------------------------------------+


+--------------------------------------------------+
; Flow Settings                                    ;
+-------------------+------------------------------+
; Option            ; Setting                      ;
+-------------------+------------------------------+
; Start date & time ; 12/02/2023 03:47:16          ;
; Main task         ; Compilation                  ;
; Revision Name     ; riscv_single_cycle_processor ;
+-------------------+------------------------------+


+-----------------------------------------------------------------------------------------------------------------------------------------------+
; Flow Non-Default Global Settings                                                                                                              ;
+-------------------------------------+----------------------------------------+------------------------------+----------------+----------------+
; Assignment Name                     ; Value                                  ; Default Value                ; Entity Name    ; Section Id     ;
+-------------------------------------+----------------------------------------+------------------------------+----------------+----------------+
; COMPILER_SIGNATURE_ID               ; 104084338567000.170146903632292        ; --                           ; --             ; --             ;
; EDA_OUTPUT_DATA_FORMAT              ; Systemverilog Hdl                      ; --                           ; --             ; eda_simulation ;
; EDA_SIMULATION_TOOL                 ; ModelSim-Altera (SystemVerilog)        ; <None>                       ; --             ; --             ;
; MAX_CORE_JUNCTION_TEMP              ; 85                                     ; --                           ; --             ; --             ;
; MIN_CORE_JUNCTION_TEMP              ; 0                                      ; --                           ; --             ; --             ;
; NUM_PARALLEL_PROCESSORS             ; All                                    ; --                           ; --             ; --             ;
; PARTITION_COLOR                     ; -- (Not supported for targeted family) ; --                           ; processor_fpga ; Top            ;
; PARTITION_FITTER_PRESERVATION_LEVEL ; -- (Not supported for targeted family) ; --                           ; processor_fpga ; Top            ;
; PARTITION_NETLIST_TYPE              ; -- (Not supported for targeted family) ; --                           ; processor_fpga ; Top            ;
; PROJECT_OUTPUT_DIRECTORY            ; output_files                           ; --                           ; --             ; --             ;
; TOP_LEVEL_ENTITY                    ; processor_fpga                         ; riscv_single_cycle_processor ; --             ; --             ;
; VERILOG_INPUT_VERSION               ; SystemVerilog_2005                     ; Verilog_2001                 ; --             ; --             ;
; VERILOG_SHOW_LMF_MAPPING_MESSAGES   ; Off                                    ; --                           ; --             ; --             ;
+-------------------------------------+----------------------------------------+------------------------------+----------------+----------------+


+--------------------------------------------------------------------------------------------------------------------------+
; Flow Elapsed Time                                                                                                        ;
+----------------------+--------------+-------------------------+---------------------+------------------------------------+
; Module Name          ; Elapsed Time ; Average Processors Used ; Peak Virtual Memory ; Total CPU Time (on all processors) ;
+----------------------+--------------+-------------------------+---------------------+------------------------------------+
; Analysis & Synthesis ; 00:02:11     ; 1.0                     ; 4869 MB             ; 00:02:26                           ;
; Fitter               ; 00:13:45     ; 1.0                     ; 5857 MB             ; 00:11:13                           ;
; Assembler            ; 00:00:04     ; 1.0                     ; 4727 MB             ; 00:00:04                           ;
; Timing Analyzer      ; 00:00:10     ; 2.1                     ; 5092 MB             ; 00:00:15                           ;
; EDA Netlist Writer   ; 00:00:16     ; 1.0                     ; 4763 MB             ; 00:00:15                           ;
; Total                ; 00:16:26     ; --                      ; --                  ; 00:14:13                           ;
+----------------------+--------------+-------------------------+---------------------+------------------------------------+


+------------------------------------------------------------------------------------+
; Flow OS Summary                                                                    ;
+----------------------+------------------+------------+------------+----------------+
; Module Name          ; Machine Hostname ; OS Name    ; OS Version ; Processor type ;
+----------------------+------------------+------------+------------+----------------+
; Analysis & Synthesis ; DESKTOP-T30N1CB  ; Windows 10 ; 10.0       ; x86_64         ;
; Fitter               ; DESKTOP-T30N1CB  ; Windows 10 ; 10.0       ; x86_64         ;
; Assembler            ; DESKTOP-T30N1CB  ; Windows 10 ; 10.0       ; x86_64         ;
; Timing Analyzer      ; DESKTOP-T30N1CB  ; Windows 10 ; 10.0       ; x86_64         ;
; EDA Netlist Writer   ; DESKTOP-T30N1CB  ; Windows 10 ; 10.0       ; x86_64         ;
+----------------------+------------------+------------+------------+----------------+


------------
; Flow Log ;
------------
quartus_map --read_settings_files=on --write_settings_files=off riscv_single_cycle_processor -c riscv_single_cycle_processor
quartus_fit --read_settings_files=off --write_settings_files=off riscv_single_cycle_processor -c riscv_single_cycle_processor
quartus_asm --read_settings_files=off --write_settings_files=off riscv_single_cycle_processor -c riscv_single_cycle_processor
quartus_sta riscv_single_cycle_processor -c riscv_single_cycle_processor
quartus_eda --read_settings_files=off --write_settings_files=off riscv_single_cycle_processor -c riscv_single_cycle_processor



