Analysis & Synthesis report for riscv_single_cycle_processor
Sun Oct 15 23:30:53 2023
Quartus Prime Version 20.1.1 Build 720 11/11/2020 SJ Lite Edition


---------------------
; Table of Contents ;
---------------------
  1. Legal Notice
  2. Analysis & Synthesis Summary
  3. Analysis & Synthesis Settings
  4. Parallel Compilation
  5. Analysis & Synthesis Source Files Read
  6. Analysis & Synthesis Resource Usage Summary
  7. Analysis & Synthesis Resource Utilization by Entity
  8. General Register Statistics
  9. Parameter Settings for User Entity Instance: Top-level Entity: |riscv_single_cycle_processor
 10. Parameter Settings for User Entity Instance: controller:ctrl_obj
 11. Parameter Settings for User Entity Instance: datapath_mem:data_obj
 12. Parameter Settings for User Entity Instance: datapath_mem:data_obj|regfile:regfile_obj
 13. Parameter Settings for User Entity Instance: datapath_mem:data_obj|alu:alu_obj
 14. Parameter Settings for User Entity Instance: datapath_mem:data_obj|data_memory:datamem_obj
 15. Parameter Settings for User Entity Instance: datapath_mem:data_obj|mux3:reg_src_mux
 16. Parameter Settings for User Entity Instance: datapath_mem:data_obj|inst_memory:instmem_obj
 17. Parameter Settings for User Entity Instance: datapath_mem:data_obj|counter:count_obj
 18. Post-Synthesis Netlist Statistics for Top Partition
 19. Elapsed Time Per Partition
 20. Analysis & Synthesis Messages
 21. Analysis & Synthesis Suppressed Messages



----------------
; Legal Notice ;
----------------
Copyright (C) 2020  Intel Corporation. All rights reserved.
Your use of Intel Corporation's design tools, logic functions 
and other software and tools, and any partner logic 
functions, and any output files from any of the foregoing 
(including device programming or simulation files), and any 
associated documentation or information are expressly subject 
to the terms and conditions of the Intel Program License 
Subscription Agreement, the Intel Quartus Prime License Agreement,
the Intel FPGA IP License Agreement, or other applicable license
agreement, including, without limitation, that your use is for
the sole purpose of programming logic devices manufactured by
Intel and sold by Intel or its authorized distributors.  Please
refer to the applicable agreement for further details, at
https://fpgasoftware.intel.com/eula.



+----------------------------------------------------------------------------------+
; Analysis & Synthesis Summary                                                     ;
+------------------------------------+---------------------------------------------+
; Analysis & Synthesis Status        ; Successful - Sun Oct 15 23:30:53 2023       ;
; Quartus Prime Version              ; 20.1.1 Build 720 11/11/2020 SJ Lite Edition ;
; Revision Name                      ; riscv_single_cycle_processor                ;
; Top-level Entity Name              ; riscv_single_cycle_processor                ;
; Family                             ; Cyclone IV E                                ;
; Total logic elements               ; 0                                           ;
;     Total combinational functions  ; 0                                           ;
;     Dedicated logic registers      ; 0                                           ;
; Total registers                    ; 0                                           ;
; Total pins                         ; 2                                           ;
; Total virtual pins                 ; 0                                           ;
; Total memory bits                  ; 0                                           ;
; Embedded Multiplier 9-bit elements ; 0                                           ;
; Total PLLs                         ; 0                                           ;
+------------------------------------+---------------------------------------------+


+--------------------------------------------------------------------------------------------------------------------------------+
; Analysis & Synthesis Settings                                                                                                  ;
+------------------------------------------------------------------+------------------------------+------------------------------+
; Option                                                           ; Setting                      ; Default Value                ;
+------------------------------------------------------------------+------------------------------+------------------------------+
; Top-level entity name                                            ; riscv_single_cycle_processor ; riscv_single_cycle_processor ;
; Family name                                                      ; Cyclone IV E                 ; Cyclone V                    ;
; Maximum processors allowed for parallel compilation              ; All                          ;                              ;
; Verilog Show LMF Mapping Messages                                ; Off                          ;                              ;
; Verilog Version                                                  ; SystemVerilog_2005           ; Verilog_2001                 ;
; Use smart compilation                                            ; Off                          ; Off                          ;
; Enable parallel Assembler and Timing Analyzer during compilation ; On                           ; On                           ;
; Enable compact report table                                      ; Off                          ; Off                          ;
; Restructure Multiplexers                                         ; Auto                         ; Auto                         ;
; Create Debugging Nodes for IP Cores                              ; Off                          ; Off                          ;
; Preserve fewer node names                                        ; On                           ; On                           ;
; Intel FPGA IP Evaluation Mode                                    ; Enable                       ; Enable                       ;
; VHDL Version                                                     ; VHDL_1993                    ; VHDL_1993                    ;
; State Machine Processing                                         ; Auto                         ; Auto                         ;
; Safe State Machine                                               ; Off                          ; Off                          ;
; Extract Verilog State Machines                                   ; On                           ; On                           ;
; Extract VHDL State Machines                                      ; On                           ; On                           ;
; Ignore Verilog initial constructs                                ; Off                          ; Off                          ;
; Iteration limit for constant Verilog loops                       ; 5000                         ; 5000                         ;
; Iteration limit for non-constant Verilog loops                   ; 250                          ; 250                          ;
; Add Pass-Through Logic to Inferred RAMs                          ; On                           ; On                           ;
; Infer RAMs from Raw Logic                                        ; On                           ; On                           ;
; Parallel Synthesis                                               ; On                           ; On                           ;
; DSP Block Balancing                                              ; Auto                         ; Auto                         ;
; NOT Gate Push-Back                                               ; On                           ; On                           ;
; Power-Up Don't Care                                              ; On                           ; On                           ;
; Remove Redundant Logic Cells                                     ; Off                          ; Off                          ;
; Remove Duplicate Registers                                       ; On                           ; On                           ;
; Ignore CARRY Buffers                                             ; Off                          ; Off                          ;
; Ignore CASCADE Buffers                                           ; Off                          ; Off                          ;
; Ignore GLOBAL Buffers                                            ; Off                          ; Off                          ;
; Ignore ROW GLOBAL Buffers                                        ; Off                          ; Off                          ;
; Ignore LCELL Buffers                                             ; Off                          ; Off                          ;
; Ignore SOFT Buffers                                              ; On                           ; On                           ;
; Limit AHDL Integers to 32 Bits                                   ; Off                          ; Off                          ;
; Optimization Technique                                           ; Balanced                     ; Balanced                     ;
; Carry Chain Length                                               ; 70                           ; 70                           ;
; Auto Carry Chains                                                ; On                           ; On                           ;
; Auto Open-Drain Pins                                             ; On                           ; On                           ;
; Perform WYSIWYG Primitive Resynthesis                            ; Off                          ; Off                          ;
; Auto ROM Replacement                                             ; On                           ; On                           ;
; Auto RAM Replacement                                             ; On                           ; On                           ;
; Auto DSP Block Replacement                                       ; On                           ; On                           ;
; Auto Shift Register Replacement                                  ; Auto                         ; Auto                         ;
; Allow Shift Register Merging across Hierarchies                  ; Auto                         ; Auto                         ;
; Auto Clock Enable Replacement                                    ; On                           ; On                           ;
; Strict RAM Replacement                                           ; Off                          ; Off                          ;
; Allow Synchronous Control Signals                                ; On                           ; On                           ;
; Force Use of Synchronous Clear Signals                           ; Off                          ; Off                          ;
; Auto RAM Block Balancing                                         ; On                           ; On                           ;
; Auto RAM to Logic Cell Conversion                                ; Off                          ; Off                          ;
; Auto Resource Sharing                                            ; Off                          ; Off                          ;
; Allow Any RAM Size For Recognition                               ; Off                          ; Off                          ;
; Allow Any ROM Size For Recognition                               ; Off                          ; Off                          ;
; Allow Any Shift Register Size For Recognition                    ; Off                          ; Off                          ;
; Use LogicLock Constraints during Resource Balancing              ; On                           ; On                           ;
; Ignore translate_off and synthesis_off directives                ; Off                          ; Off                          ;
; Timing-Driven Synthesis                                          ; On                           ; On                           ;
; Report Parameter Settings                                        ; On                           ; On                           ;
; Report Source Assignments                                        ; On                           ; On                           ;
; Report Connectivity Checks                                       ; On                           ; On                           ;
; Ignore Maximum Fan-Out Assignments                               ; Off                          ; Off                          ;
; Synchronization Register Chain Length                            ; 2                            ; 2                            ;
; Power Optimization During Synthesis                              ; Normal compilation           ; Normal compilation           ;
; HDL message level                                                ; Level2                       ; Level2                       ;
; Suppress Register Optimization Related Messages                  ; Off                          ; Off                          ;
; Number of Removed Registers Reported in Synthesis Report         ; 5000                         ; 5000                         ;
; Number of Swept Nodes Reported in Synthesis Report               ; 5000                         ; 5000                         ;
; Number of Inverted Registers Reported in Synthesis Report        ; 100                          ; 100                          ;
; Clock MUX Protection                                             ; On                           ; On                           ;
; Auto Gated Clock Conversion                                      ; Off                          ; Off                          ;
; Block Design Naming                                              ; Auto                         ; Auto                         ;
; SDC constraint protection                                        ; Off                          ; Off                          ;
; Synthesis Effort                                                 ; Auto                         ; Auto                         ;
; Shift Register Replacement - Allow Asynchronous Clear Signal     ; On                           ; On                           ;
; Pre-Mapping Resynthesis Optimization                             ; Off                          ; Off                          ;
; Analysis & Synthesis Message Level                               ; Medium                       ; Medium                       ;
; Disable Register Merging Across Hierarchies                      ; Auto                         ; Auto                         ;
; Resource Aware Inference For Block RAM                           ; On                           ; On                           ;
+------------------------------------------------------------------+------------------------------+------------------------------+


+------------------------------------------+
; Parallel Compilation                     ;
+----------------------------+-------------+
; Processors                 ; Number      ;
+----------------------------+-------------+
; Number detected on machine ; 8           ;
; Maximum allowed            ; 4           ;
;                            ;             ;
; Average used               ; 1.00        ;
; Maximum used               ; 1           ;
;                            ;             ;
; Usage by Processor         ; % Time Used ;
;     Processor 1            ; 100.0%      ;
+----------------------------+-------------+


+----------------------------------------------------------------------------------------------------------------------------------------------------------------------------------------------------------------------------------------------------------------------------+
; Analysis & Synthesis Source Files Read                                                                                                                                                                                                                                     ;
+----------------------------------+-----------------+------------------------------+------------------------------------------------------------------------------------------------------------------------------------------------------------------------------+---------+
; File Name with User-Entered Path ; Used in Netlist ; File Type                    ; File Name with Absolute Path                                                                                                                                                 ; Library ;
+----------------------------------+-----------------+------------------------------+------------------------------------------------------------------------------------------------------------------------------------------------------------------------------+---------+
; alu.sv                           ; yes             ; User SystemVerilog HDL File  ; C:/Users/anuki/OneDrive - University of Moratuwa/Documents/Anuki/Campus/Semester 5/EN3021 Digital System Design/riscv_single_cycle_processor/alu.sv                          ;         ;
; controls.sv                      ; yes             ; User SystemVerilog HDL File  ; C:/Users/anuki/OneDrive - University of Moratuwa/Documents/Anuki/Campus/Semester 5/EN3021 Digital System Design/riscv_single_cycle_processor/controls.sv                     ;         ;
; regfile.sv                       ; yes             ; User SystemVerilog HDL File  ; C:/Users/anuki/OneDrive - University of Moratuwa/Documents/Anuki/Campus/Semester 5/EN3021 Digital System Design/riscv_single_cycle_processor/regfile.sv                      ;         ;
; immgen.sv                        ; yes             ; User SystemVerilog HDL File  ; C:/Users/anuki/OneDrive - University of Moratuwa/Documents/Anuki/Campus/Semester 5/EN3021 Digital System Design/riscv_single_cycle_processor/immgen.sv                       ;         ;
; data_memory.sv                   ; yes             ; User SystemVerilog HDL File  ; C:/Users/anuki/OneDrive - University of Moratuwa/Documents/Anuki/Campus/Semester 5/EN3021 Digital System Design/riscv_single_cycle_processor/data_memory.sv                  ;         ;
; pccalc.sv                        ; yes             ; User SystemVerilog HDL File  ; C:/Users/anuki/OneDrive - University of Moratuwa/Documents/Anuki/Campus/Semester 5/EN3021 Digital System Design/riscv_single_cycle_processor/pccalc.sv                       ;         ;
; mux3.sv                          ; yes             ; User SystemVerilog HDL File  ; C:/Users/anuki/OneDrive - University of Moratuwa/Documents/Anuki/Campus/Semester 5/EN3021 Digital System Design/riscv_single_cycle_processor/mux3.sv                         ;         ;
; inst_memory.sv                   ; yes             ; User SystemVerilog HDL File  ; C:/Users/anuki/OneDrive - University of Moratuwa/Documents/Anuki/Campus/Semester 5/EN3021 Digital System Design/riscv_single_cycle_processor/inst_memory.sv                  ;         ;
; controller.sv                    ; yes             ; User SystemVerilog HDL File  ; C:/Users/anuki/OneDrive - University of Moratuwa/Documents/Anuki/Campus/Semester 5/EN3021 Digital System Design/riscv_single_cycle_processor/controller.sv                   ;         ;
; counter.sv                       ; yes             ; User SystemVerilog HDL File  ; C:/Users/anuki/OneDrive - University of Moratuwa/Documents/Anuki/Campus/Semester 5/EN3021 Digital System Design/riscv_single_cycle_processor/counter.sv                      ;         ;
; riscv_single_cycle_processor.sv  ; yes             ; User SystemVerilog HDL File  ; C:/Users/anuki/OneDrive - University of Moratuwa/Documents/Anuki/Campus/Semester 5/EN3021 Digital System Design/riscv_single_cycle_processor/riscv_single_cycle_processor.sv ;         ;
; datapath_mem.sv                  ; yes             ; User SystemVerilog HDL File  ; C:/Users/anuki/OneDrive - University of Moratuwa/Documents/Anuki/Campus/Semester 5/EN3021 Digital System Design/riscv_single_cycle_processor/datapath_mem.sv                 ;         ;
+----------------------------------+-----------------+------------------------------+------------------------------------------------------------------------------------------------------------------------------------------------------------------------------+---------+


+-----------------------------------------------------+
; Analysis & Synthesis Resource Usage Summary         ;
+---------------------------------------------+-------+
; Resource                                    ; Usage ;
+---------------------------------------------+-------+
;                                             ;       ;
; Total combinational functions               ; 0     ;
; Logic element usage by number of LUT inputs ;       ;
;     -- 4 input functions                    ; 0     ;
;     -- 3 input functions                    ; 0     ;
;     -- <=2 input functions                  ; 0     ;
;                                             ;       ;
; Logic elements by mode                      ;       ;
;     -- normal mode                          ; 0     ;
;     -- arithmetic mode                      ; 0     ;
;                                             ;       ;
; Total registers                             ; 0     ;
;     -- Dedicated logic registers            ; 0     ;
;     -- I/O registers                        ; 0     ;
;                                             ;       ;
; I/O pins                                    ; 2     ;
;                                             ;       ;
; Embedded Multiplier 9-bit elements          ; 0     ;
;                                             ;       ;
; Maximum fan-out node                        ; clk   ;
; Maximum fan-out                             ; 1     ;
; Total fan-out                               ; 2     ;
; Average fan-out                             ; 0.50  ;
+---------------------------------------------+-------+


+----------------------------------------------------------------------------------------------------------------------------------------------------------------------------------------------------------------------------------------+
; Analysis & Synthesis Resource Utilization by Entity                                                                                                                                                                                    ;
+-------------------------------+---------------------+---------------------------+-------------+--------------+---------+-----------+------+--------------+-------------------------------+------------------------------+--------------+
; Compilation Hierarchy Node    ; Combinational ALUTs ; Dedicated Logic Registers ; Memory Bits ; DSP Elements ; DSP 9x9 ; DSP 18x18 ; Pins ; Virtual Pins ; Full Hierarchy Name           ; Entity Name                  ; Library Name ;
+-------------------------------+---------------------+---------------------------+-------------+--------------+---------+-----------+------+--------------+-------------------------------+------------------------------+--------------+
; |riscv_single_cycle_processor ; 0 (0)               ; 0 (0)                     ; 0           ; 0            ; 0       ; 0         ; 2    ; 0            ; |riscv_single_cycle_processor ; riscv_single_cycle_processor ; work         ;
+-------------------------------+---------------------+---------------------------+-------------+--------------+---------+-----------+------+--------------+-------------------------------+------------------------------+--------------+
Note: For table entries with two numbers listed, the numbers in parentheses indicate the number of resources of the given type used by the specific entity alone. The numbers listed outside of parentheses indicate the total resources of the given type used by the specific entity and all of its sub-entities in the hierarchy.


+------------------------------------------------------+
; General Register Statistics                          ;
+----------------------------------------------+-------+
; Statistic                                    ; Value ;
+----------------------------------------------+-------+
; Total registers                              ; 0     ;
; Number of registers using Synchronous Clear  ; 0     ;
; Number of registers using Synchronous Load   ; 0     ;
; Number of registers using Asynchronous Clear ; 0     ;
; Number of registers using Asynchronous Load  ; 0     ;
; Number of registers using Clock Enable       ; 0     ;
; Number of registers using Preset             ; 0     ;
+----------------------------------------------+-------+


+----------------------------------------------------------------------------------------------+
; Parameter Settings for User Entity Instance: Top-level Entity: |riscv_single_cycle_processor ;
+----------------+-------+---------------------------------------------------------------------+
; Parameter Name ; Value ; Type                                                                ;
+----------------+-------+---------------------------------------------------------------------+
; REG_WIDTH      ; 32    ; Signed Integer                                                      ;
; REG_COUNT      ; 32    ; Signed Integer                                                      ;
; NUM_MEM_LOCS   ; 64    ; Signed Integer                                                      ;
; NUM_INST       ; 128   ; Signed Integer                                                      ;
; ALU_SEL_WIDTH  ; 4     ; Signed Integer                                                      ;
; CTRL_SIZE      ; 21    ; Signed Integer                                                      ;
+----------------+-------+---------------------------------------------------------------------+
Note: In order to hide this table in the UI and the text report file, please set the "Show Parameter Settings in Synthesis Report" option in "Analysis and Synthesis Settings -> More Settings" to "Off".


+------------------------------------------------------------------+
; Parameter Settings for User Entity Instance: controller:ctrl_obj ;
+----------------+-------+-----------------------------------------+
; Parameter Name ; Value ; Type                                    ;
+----------------+-------+-----------------------------------------+
; CTRL_SIZE      ; 21    ; Signed Integer                          ;
+----------------+-------+-----------------------------------------+
Note: In order to hide this table in the UI and the text report file, please set the "Show Parameter Settings in Synthesis Report" option in "Analysis and Synthesis Settings -> More Settings" to "Off".


+--------------------------------------------------------------------+
; Parameter Settings for User Entity Instance: datapath_mem:data_obj ;
+----------------+-------+-------------------------------------------+
; Parameter Name ; Value ; Type                                      ;
+----------------+-------+-------------------------------------------+
; REG_WIDTH      ; 32    ; Signed Integer                            ;
; REG_COUNT      ; 32    ; Signed Integer                            ;
; NUM_MEM_LOCS   ; 64    ; Signed Integer                            ;
; NUM_INST       ; 128   ; Signed Integer                            ;
; ALU_SEL_WIDTH  ; 4     ; Signed Integer                            ;
; CTRL_SIZE      ; 21    ; Signed Integer                            ;
+----------------+-------+-------------------------------------------+
Note: In order to hide this table in the UI and the text report file, please set the "Show Parameter Settings in Synthesis Report" option in "Analysis and Synthesis Settings -> More Settings" to "Off".


+----------------------------------------------------------------------------------------+
; Parameter Settings for User Entity Instance: datapath_mem:data_obj|regfile:regfile_obj ;
+----------------+-------+---------------------------------------------------------------+
; Parameter Name ; Value ; Type                                                          ;
+----------------+-------+---------------------------------------------------------------+
; WIDTH          ; 32    ; Signed Integer                                                ;
; REG_COUNT      ; 32    ; Signed Integer                                                ;
; REG_BITS       ; 5     ; Signed Integer                                                ;
+----------------+-------+---------------------------------------------------------------+
Note: In order to hide this table in the UI and the text report file, please set the "Show Parameter Settings in Synthesis Report" option in "Analysis and Synthesis Settings -> More Settings" to "Off".


+--------------------------------------------------------------------------------+
; Parameter Settings for User Entity Instance: datapath_mem:data_obj|alu:alu_obj ;
+----------------+-------+-------------------------------------------------------+
; Parameter Name ; Value ; Type                                                  ;
+----------------+-------+-------------------------------------------------------+
; WIDTH          ; 32    ; Signed Integer                                        ;
; ALU_SEL        ; 4     ; Signed Integer                                        ;
+----------------+-------+-------------------------------------------------------+
Note: In order to hide this table in the UI and the text report file, please set the "Show Parameter Settings in Synthesis Report" option in "Analysis and Synthesis Settings -> More Settings" to "Off".


+--------------------------------------------------------------------------------------------+
; Parameter Settings for User Entity Instance: datapath_mem:data_obj|data_memory:datamem_obj ;
+----------------+-------+-------------------------------------------------------------------+
; Parameter Name ; Value ; Type                                                              ;
+----------------+-------+-------------------------------------------------------------------+
; ADDR_WIDTH     ; 32    ; Signed Integer                                                    ;
; DATA_WIDTH     ; 32    ; Signed Integer                                                    ;
; NUM_LOCS       ; 64    ; Signed Integer                                                    ;
+----------------+-------+-------------------------------------------------------------------+
Note: In order to hide this table in the UI and the text report file, please set the "Show Parameter Settings in Synthesis Report" option in "Analysis and Synthesis Settings -> More Settings" to "Off".


+-------------------------------------------------------------------------------------+
; Parameter Settings for User Entity Instance: datapath_mem:data_obj|mux3:reg_src_mux ;
+----------------+-------+------------------------------------------------------------+
; Parameter Name ; Value ; Type                                                       ;
+----------------+-------+------------------------------------------------------------+
; WIDTH          ; 32    ; Signed Integer                                             ;
+----------------+-------+------------------------------------------------------------+
Note: In order to hide this table in the UI and the text report file, please set the "Show Parameter Settings in Synthesis Report" option in "Analysis and Synthesis Settings -> More Settings" to "Off".


+--------------------------------------------------------------------------------------------+
; Parameter Settings for User Entity Instance: datapath_mem:data_obj|inst_memory:instmem_obj ;
+----------------+-------+-------------------------------------------------------------------+
; Parameter Name ; Value ; Type                                                              ;
+----------------+-------+-------------------------------------------------------------------+
; NUM_INST       ; 128   ; Signed Integer                                                    ;
+----------------+-------+-------------------------------------------------------------------+
Note: In order to hide this table in the UI and the text report file, please set the "Show Parameter Settings in Synthesis Report" option in "Analysis and Synthesis Settings -> More Settings" to "Off".


+--------------------------------------------------------------------------------------+
; Parameter Settings for User Entity Instance: datapath_mem:data_obj|counter:count_obj ;
+----------------+-------+-------------------------------------------------------------+
; Parameter Name ; Value ; Type                                                        ;
+----------------+-------+-------------------------------------------------------------+
; WIDTH          ; 7     ; Signed Integer                                              ;
+----------------+-------+-------------------------------------------------------------+
Note: In order to hide this table in the UI and the text report file, please set the "Show Parameter Settings in Synthesis Report" option in "Analysis and Synthesis Settings -> More Settings" to "Off".


+-----------------------------------------------------+
; Post-Synthesis Netlist Statistics for Top Partition ;
+-------------------+---------------------------------+
; Type              ; Count                           ;
+-------------------+---------------------------------+
; boundary_port     ; 2                               ;
;                   ;                                 ;
; Max LUT depth     ; 0.00                            ;
; Average LUT depth ; 0.00                            ;
+-------------------+---------------------------------+


+-------------------------------+
; Elapsed Time Per Partition    ;
+----------------+--------------+
; Partition Name ; Elapsed Time ;
+----------------+--------------+
; Top            ; 00:00:00     ;
+----------------+--------------+


+-------------------------------+
; Analysis & Synthesis Messages ;
+-------------------------------+
Info: *******************************************************************
Info: Running Quartus Prime Analysis & Synthesis
    Info: Version 20.1.1 Build 720 11/11/2020 SJ Lite Edition
    Info: Processing started: Sun Oct 15 23:30:44 2023
Info: Command: quartus_map --read_settings_files=on --write_settings_files=off riscv_single_cycle_processor -c riscv_single_cycle_processor
Info (20030): Parallel compilation is enabled and will use 4 of the 4 processors detected
Info (12021): Found 1 design units, including 1 entities, in source file alu.sv
    Info (12023): Found entity 1: alu File: C:/Users/anuki/OneDrive - University of Moratuwa/Documents/Anuki/Campus/Semester 5/EN3021 Digital System Design/riscv_single_cycle_processor/alu.sv Line: 3
Info (12021): Found 1 design units, including 1 entities, in source file simulation/alu_tb.sv
    Info (12023): Found entity 1: alu_tb File: C:/Users/anuki/OneDrive - University of Moratuwa/Documents/Anuki/Campus/Semester 5/EN3021 Digital System Design/riscv_single_cycle_processor/simulation/alu_tb.sv Line: 5
Info (12021): Found 0 design units, including 0 entities, in source file controls.sv
Info (12021): Found 1 design units, including 1 entities, in source file mux2.sv
    Info (12023): Found entity 1: mux2 File: C:/Users/anuki/OneDrive - University of Moratuwa/Documents/Anuki/Campus/Semester 5/EN3021 Digital System Design/riscv_single_cycle_processor/mux2.sv Line: 1
Info (12021): Found 1 design units, including 1 entities, in source file regfile.sv
    Info (12023): Found entity 1: regfile File: C:/Users/anuki/OneDrive - University of Moratuwa/Documents/Anuki/Campus/Semester 5/EN3021 Digital System Design/riscv_single_cycle_processor/regfile.sv Line: 2
Info (12021): Found 1 design units, including 1 entities, in source file simulation/regfile_tb.sv
    Info (12023): Found entity 1: regfile_tb File: C:/Users/anuki/OneDrive - University of Moratuwa/Documents/Anuki/Campus/Semester 5/EN3021 Digital System Design/riscv_single_cycle_processor/simulation/regfile_tb.sv Line: 3
Info (12021): Found 1 design units, including 1 entities, in source file immgen.sv
    Info (12023): Found entity 1: immgen File: C:/Users/anuki/OneDrive - University of Moratuwa/Documents/Anuki/Campus/Semester 5/EN3021 Digital System Design/riscv_single_cycle_processor/immgen.sv Line: 3
Info (12021): Found 1 design units, including 1 entities, in source file simulation/immgen_tb.sv
    Info (12023): Found entity 1: immgen_tb File: C:/Users/anuki/OneDrive - University of Moratuwa/Documents/Anuki/Campus/Semester 5/EN3021 Digital System Design/riscv_single_cycle_processor/simulation/immgen_tb.sv Line: 5
Info (12021): Found 1 design units, including 1 entities, in source file data_memory.sv
    Info (12023): Found entity 1: data_memory File: C:/Users/anuki/OneDrive - University of Moratuwa/Documents/Anuki/Campus/Semester 5/EN3021 Digital System Design/riscv_single_cycle_processor/data_memory.sv Line: 3
Info (12021): Found 1 design units, including 1 entities, in source file simulation/data_memory_tb.sv
    Info (12023): Found entity 1: data_memory_tb File: C:/Users/anuki/OneDrive - University of Moratuwa/Documents/Anuki/Campus/Semester 5/EN3021 Digital System Design/riscv_single_cycle_processor/simulation/data_memory_tb.sv Line: 5
Info (12021): Found 1 design units, including 1 entities, in source file pccalc.sv
    Info (12023): Found entity 1: pccalc File: C:/Users/anuki/OneDrive - University of Moratuwa/Documents/Anuki/Campus/Semester 5/EN3021 Digital System Design/riscv_single_cycle_processor/pccalc.sv Line: 3
Info (12021): Found 1 design units, including 1 entities, in source file simulation/pccalc_tb.sv
    Info (12023): Found entity 1: pccalc_tb File: C:/Users/anuki/OneDrive - University of Moratuwa/Documents/Anuki/Campus/Semester 5/EN3021 Digital System Design/riscv_single_cycle_processor/simulation/pccalc_tb.sv Line: 5
Info (12021): Found 1 design units, including 1 entities, in source file mux3.sv
    Info (12023): Found entity 1: mux3 File: C:/Users/anuki/OneDrive - University of Moratuwa/Documents/Anuki/Campus/Semester 5/EN3021 Digital System Design/riscv_single_cycle_processor/mux3.sv Line: 1
Info (12021): Found 1 design units, including 1 entities, in source file inst_memory.sv
    Info (12023): Found entity 1: inst_memory File: C:/Users/anuki/OneDrive - University of Moratuwa/Documents/Anuki/Campus/Semester 5/EN3021 Digital System Design/riscv_single_cycle_processor/inst_memory.sv Line: 2
Info (12021): Found 1 design units, including 1 entities, in source file controller.sv
    Info (12023): Found entity 1: controller File: C:/Users/anuki/OneDrive - University of Moratuwa/Documents/Anuki/Campus/Semester 5/EN3021 Digital System Design/riscv_single_cycle_processor/controller.sv Line: 3
Info (12021): Found 1 design units, including 1 entities, in source file counter.sv
    Info (12023): Found entity 1: counter File: C:/Users/anuki/OneDrive - University of Moratuwa/Documents/Anuki/Campus/Semester 5/EN3021 Digital System Design/riscv_single_cycle_processor/counter.sv Line: 2
Info (12021): Found 1 design units, including 1 entities, in source file simulation/counter_tb.sv
    Info (12023): Found entity 1: counter_tb File: C:/Users/anuki/OneDrive - University of Moratuwa/Documents/Anuki/Campus/Semester 5/EN3021 Digital System Design/riscv_single_cycle_processor/simulation/counter_tb.sv Line: 3
Info (12021): Found 1 design units, including 1 entities, in source file riscv_single_cycle_processor.sv
    Info (12023): Found entity 1: riscv_single_cycle_processor File: C:/Users/anuki/OneDrive - University of Moratuwa/Documents/Anuki/Campus/Semester 5/EN3021 Digital System Design/riscv_single_cycle_processor/riscv_single_cycle_processor.sv Line: 2
Info (12021): Found 1 design units, including 1 entities, in source file simulation/top_tb.sv
    Info (12023): Found entity 1: top_tb File: C:/Users/anuki/OneDrive - University of Moratuwa/Documents/Anuki/Campus/Semester 5/EN3021 Digital System Design/riscv_single_cycle_processor/simulation/top_tb.sv Line: 5
Info (12021): Found 1 design units, including 1 entities, in source file datapath_mem.sv
    Info (12023): Found entity 1: datapath_mem File: C:/Users/anuki/OneDrive - University of Moratuwa/Documents/Anuki/Campus/Semester 5/EN3021 Digital System Design/riscv_single_cycle_processor/datapath_mem.sv Line: 3
Info (12127): Elaborating entity "riscv_single_cycle_processor" for the top level hierarchy
Info (12128): Elaborating entity "controller" for hierarchy "controller:ctrl_obj" File: C:/Users/anuki/OneDrive - University of Moratuwa/Documents/Anuki/Campus/Semester 5/EN3021 Digital System Design/riscv_single_cycle_processor/riscv_single_cycle_processor.sv Line: 16
Warning (10030): Net "control_store[511..433]" at controller.sv(12) has no driver or initial value, using a default initial value '0' File: C:/Users/anuki/OneDrive - University of Moratuwa/Documents/Anuki/Campus/Semester 5/EN3021 Digital System Design/riscv_single_cycle_processor/controller.sv Line: 12
Warning (10030): Net "control_store[431..401]" at controller.sv(12) has no driver or initial value, using a default initial value '0' File: C:/Users/anuki/OneDrive - University of Moratuwa/Documents/Anuki/Campus/Semester 5/EN3021 Digital System Design/riscv_single_cycle_processor/controller.sv Line: 12
Warning (10030): Net "control_store[399]" at controller.sv(12) has no driver or initial value, using a default initial value '0' File: C:/Users/anuki/OneDrive - University of Moratuwa/Documents/Anuki/Campus/Semester 5/EN3021 Digital System Design/riscv_single_cycle_processor/controller.sv Line: 12
Warning (10030): Net "control_store[397]" at controller.sv(12) has no driver or initial value, using a default initial value '0' File: C:/Users/anuki/OneDrive - University of Moratuwa/Documents/Anuki/Campus/Semester 5/EN3021 Digital System Design/riscv_single_cycle_processor/controller.sv Line: 12
Warning (10030): Net "control_store[395]" at controller.sv(12) has no driver or initial value, using a default initial value '0' File: C:/Users/anuki/OneDrive - University of Moratuwa/Documents/Anuki/Campus/Semester 5/EN3021 Digital System Design/riscv_single_cycle_processor/controller.sv Line: 12
Warning (10030): Net "control_store[393]" at controller.sv(12) has no driver or initial value, using a default initial value '0' File: C:/Users/anuki/OneDrive - University of Moratuwa/Documents/Anuki/Campus/Semester 5/EN3021 Digital System Design/riscv_single_cycle_processor/controller.sv Line: 12
Warning (10030): Net "control_store[391..387]" at controller.sv(12) has no driver or initial value, using a default initial value '0' File: C:/Users/anuki/OneDrive - University of Moratuwa/Documents/Anuki/Campus/Semester 5/EN3021 Digital System Design/riscv_single_cycle_processor/controller.sv Line: 12
Warning (10030): Net "control_store[385]" at controller.sv(12) has no driver or initial value, using a default initial value '0' File: C:/Users/anuki/OneDrive - University of Moratuwa/Documents/Anuki/Campus/Semester 5/EN3021 Digital System Design/riscv_single_cycle_processor/controller.sv Line: 12
Warning (10030): Net "control_store[383..209]" at controller.sv(12) has no driver or initial value, using a default initial value '0' File: C:/Users/anuki/OneDrive - University of Moratuwa/Documents/Anuki/Campus/Semester 5/EN3021 Digital System Design/riscv_single_cycle_processor/controller.sv Line: 12
Warning (10030): Net "control_store[205]" at controller.sv(12) has no driver or initial value, using a default initial value '0' File: C:/Users/anuki/OneDrive - University of Moratuwa/Documents/Anuki/Campus/Semester 5/EN3021 Digital System Design/riscv_single_cycle_processor/controller.sv Line: 12
Warning (10030): Net "control_store[201]" at controller.sv(12) has no driver or initial value, using a default initial value '0' File: C:/Users/anuki/OneDrive - University of Moratuwa/Documents/Anuki/Campus/Semester 5/EN3021 Digital System Design/riscv_single_cycle_processor/controller.sv Line: 12
Warning (10030): Net "control_store[199]" at controller.sv(12) has no driver or initial value, using a default initial value '0' File: C:/Users/anuki/OneDrive - University of Moratuwa/Documents/Anuki/Campus/Semester 5/EN3021 Digital System Design/riscv_single_cycle_processor/controller.sv Line: 12
Warning (10030): Net "control_store[197]" at controller.sv(12) has no driver or initial value, using a default initial value '0' File: C:/Users/anuki/OneDrive - University of Moratuwa/Documents/Anuki/Campus/Semester 5/EN3021 Digital System Design/riscv_single_cycle_processor/controller.sv Line: 12
Warning (10030): Net "control_store[195]" at controller.sv(12) has no driver or initial value, using a default initial value '0' File: C:/Users/anuki/OneDrive - University of Moratuwa/Documents/Anuki/Campus/Semester 5/EN3021 Digital System Design/riscv_single_cycle_processor/controller.sv Line: 12
Warning (10030): Net "control_store[191..134]" at controller.sv(12) has no driver or initial value, using a default initial value '0' File: C:/Users/anuki/OneDrive - University of Moratuwa/Documents/Anuki/Campus/Semester 5/EN3021 Digital System Design/riscv_single_cycle_processor/controller.sv Line: 12
Warning (10030): Net "control_store[127..81]" at controller.sv(12) has no driver or initial value, using a default initial value '0' File: C:/Users/anuki/OneDrive - University of Moratuwa/Documents/Anuki/Campus/Semester 5/EN3021 Digital System Design/riscv_single_cycle_processor/controller.sv Line: 12
Warning (10030): Net "control_store[79]" at controller.sv(12) has no driver or initial value, using a default initial value '0' File: C:/Users/anuki/OneDrive - University of Moratuwa/Documents/Anuki/Campus/Semester 5/EN3021 Digital System Design/riscv_single_cycle_processor/controller.sv Line: 12
Warning (10030): Net "control_store[77]" at controller.sv(12) has no driver or initial value, using a default initial value '0' File: C:/Users/anuki/OneDrive - University of Moratuwa/Documents/Anuki/Campus/Semester 5/EN3021 Digital System Design/riscv_single_cycle_processor/controller.sv Line: 12
Warning (10030): Net "control_store[73]" at controller.sv(12) has no driver or initial value, using a default initial value '0' File: C:/Users/anuki/OneDrive - University of Moratuwa/Documents/Anuki/Campus/Semester 5/EN3021 Digital System Design/riscv_single_cycle_processor/controller.sv Line: 12
Warning (10030): Net "control_store[71]" at controller.sv(12) has no driver or initial value, using a default initial value '0' File: C:/Users/anuki/OneDrive - University of Moratuwa/Documents/Anuki/Campus/Semester 5/EN3021 Digital System Design/riscv_single_cycle_processor/controller.sv Line: 12
Warning (10030): Net "control_store[69]" at controller.sv(12) has no driver or initial value, using a default initial value '0' File: C:/Users/anuki/OneDrive - University of Moratuwa/Documents/Anuki/Campus/Semester 5/EN3021 Digital System Design/riscv_single_cycle_processor/controller.sv Line: 12
Warning (10030): Net "control_store[67]" at controller.sv(12) has no driver or initial value, using a default initial value '0' File: C:/Users/anuki/OneDrive - University of Moratuwa/Documents/Anuki/Campus/Semester 5/EN3021 Digital System Design/riscv_single_cycle_processor/controller.sv Line: 12
Warning (10030): Net "control_store[65]" at controller.sv(12) has no driver or initial value, using a default initial value '0' File: C:/Users/anuki/OneDrive - University of Moratuwa/Documents/Anuki/Campus/Semester 5/EN3021 Digital System Design/riscv_single_cycle_processor/controller.sv Line: 12
Warning (10030): Net "control_store[63..36]" at controller.sv(12) has no driver or initial value, using a default initial value '0' File: C:/Users/anuki/OneDrive - University of Moratuwa/Documents/Anuki/Campus/Semester 5/EN3021 Digital System Design/riscv_single_cycle_processor/controller.sv Line: 12
Warning (10030): Net "control_store[31..12]" at controller.sv(12) has no driver or initial value, using a default initial value '0' File: C:/Users/anuki/OneDrive - University of Moratuwa/Documents/Anuki/Campus/Semester 5/EN3021 Digital System Design/riscv_single_cycle_processor/controller.sv Line: 12
Warning (10030): Net "control_store[7..6]" at controller.sv(12) has no driver or initial value, using a default initial value '0' File: C:/Users/anuki/OneDrive - University of Moratuwa/Documents/Anuki/Campus/Semester 5/EN3021 Digital System Design/riscv_single_cycle_processor/controller.sv Line: 12
Info (12128): Elaborating entity "datapath_mem" for hierarchy "datapath_mem:data_obj" File: C:/Users/anuki/OneDrive - University of Moratuwa/Documents/Anuki/Campus/Semester 5/EN3021 Digital System Design/riscv_single_cycle_processor/riscv_single_cycle_processor.sv Line: 23
Info (12128): Elaborating entity "regfile" for hierarchy "datapath_mem:data_obj|regfile:regfile_obj" File: C:/Users/anuki/OneDrive - University of Moratuwa/Documents/Anuki/Campus/Semester 5/EN3021 Digital System Design/riscv_single_cycle_processor/datapath_mem.sv Line: 80
Info (12128): Elaborating entity "alu" for hierarchy "datapath_mem:data_obj|alu:alu_obj" File: C:/Users/anuki/OneDrive - University of Moratuwa/Documents/Anuki/Campus/Semester 5/EN3021 Digital System Design/riscv_single_cycle_processor/datapath_mem.sv Line: 83
Info (12128): Elaborating entity "immgen" for hierarchy "datapath_mem:data_obj|immgen:immgen_obj" File: C:/Users/anuki/OneDrive - University of Moratuwa/Documents/Anuki/Campus/Semester 5/EN3021 Digital System Design/riscv_single_cycle_processor/datapath_mem.sv Line: 88
Info (12128): Elaborating entity "data_memory" for hierarchy "datapath_mem:data_obj|data_memory:datamem_obj" File: C:/Users/anuki/OneDrive - University of Moratuwa/Documents/Anuki/Campus/Semester 5/EN3021 Digital System Design/riscv_single_cycle_processor/datapath_mem.sv Line: 92
Info (10008): Verilog HDL or VHDL information: EDA Netlist Writer cannot regroup multidimensional array "memory" into its bus
Info (12128): Elaborating entity "pccalc" for hierarchy "datapath_mem:data_obj|pccalc:pclogic_obj" File: C:/Users/anuki/OneDrive - University of Moratuwa/Documents/Anuki/Campus/Semester 5/EN3021 Digital System Design/riscv_single_cycle_processor/datapath_mem.sv Line: 94
Info (12128): Elaborating entity "mux3" for hierarchy "datapath_mem:data_obj|mux3:reg_src_mux" File: C:/Users/anuki/OneDrive - University of Moratuwa/Documents/Anuki/Campus/Semester 5/EN3021 Digital System Design/riscv_single_cycle_processor/datapath_mem.sv Line: 102
Info (12128): Elaborating entity "inst_memory" for hierarchy "datapath_mem:data_obj|inst_memory:instmem_obj" File: C:/Users/anuki/OneDrive - University of Moratuwa/Documents/Anuki/Campus/Semester 5/EN3021 Digital System Design/riscv_single_cycle_processor/datapath_mem.sv Line: 104
Info (10008): Verilog HDL or VHDL information: EDA Netlist Writer cannot regroup multidimensional array "memory" into its bus
Info (12128): Elaborating entity "counter" for hierarchy "datapath_mem:data_obj|counter:count_obj" File: C:/Users/anuki/OneDrive - University of Moratuwa/Documents/Anuki/Campus/Semester 5/EN3021 Digital System Design/riscv_single_cycle_processor/datapath_mem.sv Line: 106
Warning (10230): Verilog HDL assignment warning at counter.sv(19): truncated value with size 32 to match size of target (7) File: C:/Users/anuki/OneDrive - University of Moratuwa/Documents/Anuki/Campus/Semester 5/EN3021 Digital System Design/riscv_single_cycle_processor/counter.sv Line: 19
Warning (10230): Verilog HDL assignment warning at counter.sv(21): truncated value with size 32 to match size of target (7) File: C:/Users/anuki/OneDrive - University of Moratuwa/Documents/Anuki/Campus/Semester 5/EN3021 Digital System Design/riscv_single_cycle_processor/counter.sv Line: 21
Info (144001): Generated suppressed messages file C:/Users/anuki/OneDrive - University of Moratuwa/Documents/Anuki/Campus/Semester 5/EN3021 Digital System Design/riscv_single_cycle_processor/output_files/riscv_single_cycle_processor.map.smsg
Info (16010): Generating hard_block partition "hard_block:auto_generated_inst"
    Info (16011): Adding 0 node(s), including 0 DDIO, 0 PLL, 0 transceiver and 0 LCELL
Warning (21074): Design contains 2 input pin(s) that do not drive logic
    Warning (15610): No output dependent on input pin "clk" File: C:/Users/anuki/OneDrive - University of Moratuwa/Documents/Anuki/Campus/Semester 5/EN3021 Digital System Design/riscv_single_cycle_processor/riscv_single_cycle_processor.sv Line: 10
    Warning (15610): No output dependent on input pin "rstn" File: C:/Users/anuki/OneDrive - University of Moratuwa/Documents/Anuki/Campus/Semester 5/EN3021 Digital System Design/riscv_single_cycle_processor/riscv_single_cycle_processor.sv Line: 11
Info (21057): Implemented 2 device resources after synthesis - the final resource count might be different
    Info (21058): Implemented 2 input pins
    Info (21059): Implemented 0 output pins
Info: Quartus Prime Analysis & Synthesis was successful. 0 errors, 31 warnings
    Info: Peak virtual memory: 4739 megabytes
    Info: Processing ended: Sun Oct 15 23:30:53 2023
    Info: Elapsed time: 00:00:09
    Info: Total CPU time (on all processors): 00:00:19


+------------------------------------------+
; Analysis & Synthesis Suppressed Messages ;
+------------------------------------------+
The suppressed messages can be found in C:/Users/anuki/OneDrive - University of Moratuwa/Documents/Anuki/Campus/Semester 5/EN3021 Digital System Design/riscv_single_cycle_processor/output_files/riscv_single_cycle_processor.map.smsg.


